Traceback (most recent call last):
  File "C:\xampp\htdocs\PSDs\.venv\Lib\site-packages\jupyter_core\utils\__init__.py", line 154, in wrapped
    asyncio.get_running_loop()
RuntimeError: no running event loop

During handling of the above exception, another exception occurred:

Traceback (most recent call last):
  File "C:\xampp\htdocs\PSDs\.venv\Lib\site-packages\jupyter_cache\executors\utils.py", line 58, in single_nb_execution
    executenb(
  File "C:\xampp\htdocs\PSDs\.venv\Lib\site-packages\nbclient\client.py", line 1319, in execute
    return NotebookClient(nb=nb, resources=resources, km=km, **kwargs).execute()
           ^^^^^^^^^^^^^^^^^^^^^^^^^^^^^^^^^^^^^^^^^^^^^^^^^^^^^^^^^^^^^^^^^^^^^
  File "C:\xampp\htdocs\PSDs\.venv\Lib\site-packages\jupyter_core\utils\__init__.py", line 158, in wrapped
    return loop.run_until_complete(inner)
           ^^^^^^^^^^^^^^^^^^^^^^^^^^^^^^
  File "C:\Users\ASUS MTR\AppData\Local\Programs\Python\Python311\Lib\asyncio\base_events.py", line 653, in run_until_complete
    return future.result()
           ^^^^^^^^^^^^^^^
  File "C:\xampp\htdocs\PSDs\.venv\Lib\site-packages\nbclient\client.py", line 709, in async_execute
    await self.async_execute_cell(
  File "C:\xampp\htdocs\PSDs\.venv\Lib\site-packages\nbclient\client.py", line 1005, in async_execute_cell
    exec_reply = await self.task_poll_for_reply
                 ^^^^^^^^^^^^^^^^^^^^^^^^^^^^^^
  File "C:\xampp\htdocs\PSDs\.venv\Lib\site-packages\nbclient\client.py", line 806, in _async_poll_for_reply
    error_on_timeout_execute_reply = await self._async_handle_timeout(timeout, cell)
                                     ^^^^^^^^^^^^^^^^^^^^^^^^^^^^^^^^^^^^^^^^^^^^^^^
  File "C:\xampp\htdocs\PSDs\.venv\Lib\site-packages\nbclient\client.py", line 856, in _async_handle_timeout
    raise CellTimeoutError.error_from_timeout_and_cell(
nbclient.exceptions.CellTimeoutError: A cell timed out while it was being executed, after 30 seconds.
The message was: Cell execution timed out.
Here is a preview of the cell contents:
-------------------
['import pandas as pd', 'import matplotlib.pyplot as plt', 'from sklearn.decomposition import PCA', 'from sklearn.preprocessing import LabelEncoder, StandardScaler', 'from sqlalchemy import create_engine']
...
['X_train_res, X_test_res, y_train_res, y_test_res = train_test_split(X_res, y_res, test_size=0.3, random_state=42, stratify=y_res)', '', 'evaluate_model("Naive Bayes (Sesudah Balancing)", GaussianNB(), X_train_res, X_test_res, y_train_res, y_test_res)', 'evaluate_model("Random Forest (Sesudah Balancing)", RandomForestClassifier(random_state=42, n_estimators=100), X_train_res, X_test_res, y_train_res, y_test_res)', 'evaluate_model("Bagging (Sesudah Balancing)", BaggingClassifier(random_state=42, n_estimators=100), X_train_res, X_test_res, y_train_res, y_test_res)']
-------------------

